<?xml version="1.0" encoding="UTF-8"?>
<testsuite name="com.comparison.CompareTest" tests="1" skipped="0" failures="0" errors="0" timestamp="2021-04-24T13:19:56" hostname="DESKTOP-RQA4EMA" time="0.024">
  <properties/>
  <testcase name="givenThreeNumber_AndFirstNumber_ShouldReturnsLargest_True" classname="com.comparison.CompareTest" time="0.024"/>
  <system-out><![CDATA[maximum array value 14
]]></system-out>
  <system-err><![CDATA[]]></system-err>
</testsuite>
